[     574ms] [ERROR] Failed to load resource: net::ERR_CACHE_OPERATION_NOT_SUPPORTED @ https://cdn.prod.website-files.com/6719ad0ceed6d5aa24a83d61%2F6798985ffa243f5e7673e433_careers%20%281%29-transcode.mp4:0
[    2964ms] Uncaught TypeError: Cannot read properties of null (reading 'getElementsByClassName')
    at window.particlesJS (https://cdn.jsdelivr.net/npm/particles.js@2.0.0/particles.min.js:6:22089)
    at <anonymous> (https://www.devsinc.com/:357:8)
[   17248ms] Timeout
[   17249ms] Timeout (C)
[   17250ms] Timeout (z)
[   32299ms] Timeout (f)
[   47305ms] Timeout (f)
[   47306ms] Timeout (j)
[ 3632290ms] Timeout (m)
[ 4016762ms] Uncaught TypeError: Cannot read properties of null (reading 'getElementsByClassName')
    at window.particlesJS (https://cdn.jsdelivr.net/npm/particles.js@2.0.0/particles.min.js:6:22089)
    at <anonymous> (https://www.devsinc.com/:357:8)
[ 4030645ms] TypeError: Cannot read properties of null (reading 'addEventListener')
    at https://www.devsinc.com/services/quality-assurance:222:37
[ 4045114ms] [WARNING] The resource https://cdn.prod.website-files.com/6719ad0ceed6d5aa24a83dcf/6749904000508998949db388_Quality%20Assurance%20.webp was preloaded using link preload but not used within a few seconds from the window's load event. Please make sure it has an appropriate `as` value and it is preloaded intentionally. @ https://www.devsinc.com/services/quality-assurance:0
[ 4046667ms] Timeout
[ 4046683ms] Timeout (C)
[ 4046684ms] Timeout (z)
[ 4051732ms] Uncaught TypeError: Cannot read properties of null (reading 'getElementsByClassName')
    at window.particlesJS (https://cdn.jsdelivr.net/npm/particles.js@2.0.0/particles.min.js:6:22089)
    at <anonymous> (https://www.devsinc.com/:357:8)
[ 4066779ms] Timeout
[ 4066780ms] Timeout (C)
[ 4066780ms] Timeout (z)
[ 4081759ms] Timeout (f)
[ 4096790ms] Timeout (f)
[ 4096791ms] Timeout (j)
